2024-05-11 23:14:28,640.v2_listen_for_messages.INFO ==================================================
2024-05-11 23:14:28,641.v2_listen_for_messages.INFO Today is 2024-05-11 at 11:14 PM
2024-05-11 23:14:28,641.v2_listen_for_messages.INFO Running on: nt Windows 10
2024-05-11 23:14:28,641.v2_listen_for_messages.INFO Python version:  3.9.16
2024-05-11 23:14:28,641.v2_listen_for_messages.INFO Python path: D:\Master's Data Analytics\Courses\44671 Streaming Data\Module 3\streaming-03-rabbitmq\.venv
2024-05-11 23:14:28,641.v2_listen_for_messages.INFO Working dir: D:\Master's Data Analytics\Courses\44671 Streaming Data\Module 3\streaming-03-rabbitmq
2024-05-11 23:14:28,642.v2_listen_for_messages.INFO ==================================================
2024-05-11 23:14:28,658.v2_listen_for_messages.INFO  [*] Waiting for messages. To exit press CTRL+C
2024-05-11 23:14:28,658.v2_listen_for_messages.INFO Received: My name is Desiree Thompson
2024-05-11 23:14:28,658.v2_listen_for_messages.INFO Received: My name is Desiree Thompson
2024-05-11 23:14:28,659.v2_listen_for_messages.INFO Received: My name is Desiree Thompson
2024-05-11 23:14:28,659.v2_listen_for_messages.INFO Received: My name is Desiree Thompson
2024-05-11 23:14:28,659.v2_listen_for_messages.INFO Received: My name is Desiree Thompson
2024-05-11 23:14:28,659.v2_listen_for_messages.INFO Received: My name is Desiree Thompson
2024-05-11 23:14:28,659.v2_listen_for_messages.INFO Received: Hello World!
2024-05-11 23:14:28,659.v2_listen_for_messages.INFO Received: Hello World!
2024-05-11 23:14:28,659.v2_listen_for_messages.INFO Received: My name is Desiree Thompson
2024-05-11 23:14:28,659.v2_listen_for_messages.INFO Received: My name is Desiree Thompson
2024-05-11 23:14:28,659.v2_listen_for_messages.INFO Received: This is 44671 Streaming Data
2024-05-11 23:14:28,659.v2_listen_for_messages.INFO Received: This is 44671 Streaming Data
2024-05-11 23:14:48,664.v2_listen_for_messages.WARNING User interrupted the listening process.
2024-05-11 23:14:48,665.v2_listen_for_messages.INFO Closing connection. Goodbye.
